<?xml version="1.0" encoding="UTF-8"?>
<!-- Generated by org.testng.reporters.JUnitReportReporter -->
<testsuite skipped="0" hostname="hp" name="basics.CreateChangeRequest" tests="1" failures="0" timestamp="29 Dec 2019 06:29:11 GMT" time="8.195" errors="0">
  <testcase name="getChangeRequests" time="8.195" classname="basics.CreateChangeRequest"/>
</testsuite> <!-- basics.CreateChangeRequest -->
