<?xml version="1.0" encoding="UTF-8"?>
<!-- Generated by org.testng.reporters.JUnitReportReporter -->
<testsuite skipped="0" hostname="hp" name="basics.GetChangeRequestsXml" tests="1" failures="0" timestamp="28 Dec 2019 06:39:27 GMT" time="8.677" errors="0">
  <testcase name="getChangeRequests" time="8.677" classname="basics.GetChangeRequestsXml"/>
</testsuite> <!-- basics.GetChangeRequestsXml -->
