<?xml version="1.0" encoding="UTF-8"?>
<!-- Generated by org.testng.reporters.JUnitReportReporter -->
<testsuite skipped="0" hostname="hp" name="chaining.DeleteChangeRequest" tests="1" failures="0" timestamp="29 Dec 2019 06:29:54 GMT" time="4.937" errors="0">
  <testcase name="getChangeRequests" time="4.937" classname="chaining.DeleteChangeRequest"/>
</testsuite> <!-- chaining.DeleteChangeRequest -->
