<?xml version="1.0" encoding="UTF-8"?>
<!-- Generated by org.testng.reporters.JUnitReportReporter -->
<testsuite skipped="0" hostname="hp" name="jira.UpdateISsue" tests="1" failures="0" timestamp="28 Dec 2019 15:55:22 GMT" time="2.620" errors="0">
  <testcase name="createIssue" time="2.620" classname="jira.UpdateISsue"/>
</testsuite> <!-- jira.UpdateISsue -->
