<?xml version="1.0" encoding="UTF-8"?>
<!-- Generated by org.testng.reporters.JUnitReportReporter -->
<testsuite skipped="0" hostname="hp" name="jira.CreateIssue" tests="1" failures="0" timestamp="28 Dec 2019 15:27:58 GMT" time="3.249" errors="0">
  <testcase name="createIssue" time="3.249" classname="jira.CreateIssue"/>
</testsuite> <!-- jira.CreateIssue -->
