<?xml version="1.0" encoding="UTF-8"?>
<!-- Generated by org.testng.reporters.JUnitReportReporter -->
<testsuite skipped="0" hostname="hp" name="basics.GetChangeRequests" tests="1" failures="0" timestamp="28 Dec 2019 05:42:20 GMT" time="9.925" errors="0">
  <testcase name="getChangeRequests" time="9.925" classname="basics.GetChangeRequests"/>
</testsuite> <!-- basics.GetChangeRequests -->
