<?xml version="1.0" encoding="UTF-8"?>
<!-- Generated by org.testng.reporters.JUnitReportReporter -->
<testsuite skipped="0" hostname="hp" name="basics.CreateChangeRequestUsingDP" tests="2" failures="0" timestamp="29 Dec 2019 04:50:34 GMT" time="16.088" errors="0">
  <testcase name="getChangeRequests" time="8.044" classname="basics.CreateChangeRequestUsingDP"/>
  <testcase name="getChangeRequests" time="8.044" classname="basics.CreateChangeRequestUsingDP"/>
</testsuite> <!-- basics.CreateChangeRequestUsingDP -->
