<?xml version="1.0" encoding="UTF-8"?>
<!-- Generated by org.testng.reporters.JUnitReportReporter -->
<testsuite skipped="0" hostname="hp" name="chaining.CreateChangeRequest" tests="1" failures="0" timestamp="29 Dec 2019 06:29:54 GMT" time="7.626" errors="0">
  <testcase name="getChangeRequests" time="7.626" classname="chaining.CreateChangeRequest"/>
</testsuite> <!-- chaining.CreateChangeRequest -->
