<?xml version="1.0" encoding="UTF-8"?>
<!-- Generated by org.testng.reporters.JUnitReportReporter -->
<testsuite skipped="0" hostname="hp" name="basics.deleteChangeRequest" tests="1" failures="0" timestamp="28 Dec 2019 11:02:36 GMT" time="5.811" errors="0">
  <testcase name="getChangeRequests" time="5.811" classname="basics.deleteChangeRequest"/>
</testsuite> <!-- basics.deleteChangeRequest -->
