<?xml version="1.0" encoding="UTF-8"?>
<!-- Generated by org.testng.reporters.JUnitReportReporter -->
<testsuite skipped="0" hostname="hp" name="jira.deleteIssue" tests="1" failures="0" timestamp="28 Dec 2019 11:26:58 GMT" time="2.649" errors="0">
  <testcase name="createIssue" time="2.649" classname="jira.deleteIssue"/>
</testsuite> <!-- jira.deleteIssue -->
