<?xml version="1.0" encoding="UTF-8"?>
<!-- Generated by org.testng.reporters.JUnitReportReporter -->
<testsuite skipped="0" hostname="hp" name="jira.GetJiraIssues" tests="1" failures="0" timestamp="28 Dec 2019 17:06:36 GMT" time="6.469" errors="0">
  <testcase name="getJiraIssues" time="6.469" classname="jira.GetJiraIssues"/>
</testsuite> <!-- jira.GetJiraIssues -->
